[debug] > Exec(early(addDefaultCommands), None, None)
[debug] > Exec(addDefaultCommands, None, None)
[debug] > Exec(early(initialize), None, None)
[debug] > Exec(initialize, None, None)
[debug] > Exec(boot, None, None)
[debug] > Exec(writeSbtVersion, None, None)
[warn] No sbt.version set in project/build.properties, base directory: C:\Education\211\CSE215L\Project\Movie Management Final\src\project
[debug] > Exec(reload, None, None)
[debug] > Exec(sbtStashOnFailure, None, None)
[debug] > Exec(onFailure loadFailed, None, None)
[debug] > Exec(loadp, None, None)
[info] welcome to sbt 1.4.3 (Oracle Corporation Java 13.0.2)
[debug] Load.defaultLoad until apply took 546.4865ms
[debug]     Load.loadUnit: plugins took 336.8815ms
[debug]     Load.loadUnit: defsScala took 0.9528ms
[debug] [Loading] Scanning directory C:\Education\211\CSE215L\Project\Movie Management Final\src\project
[debug] [Loading] Found non-root projects 
[debug] [Loading] Done in C:\Education\211\CSE215L\Project\Movie Management Final\src\project, returning: ()
[debug] deducing auto plugins based on known facts Set(Atom(sbt.plugins.CorePlugin)) and clauses Clauses(List(Clause(Atom(sbt.plugins.JvmPlugin),Set(Atom(sbt.plugins.IvyPlugin))), Clause(Atom(sbt.ScriptedPlugin),Set(Atom(sbt.plugins.JvmPlugin))), Clause(Atom(sbt.plugins.SbtPlugin),Set(Atom(sbt.ScriptedPlugin))), Clause(Atom(sbt.plugins.SemanticdbPlugin),Set(Atom(sbt.plugins.JvmPlugin))), Clause(Atom(sbt.plugins.JUnitXmlReportPlugin),Set(Atom(sbt.plugins.JvmPlugin))), Clause(Atom(sbt.plugins.MiniDependencyTreePlugin),Set(Atom(sbt.plugins.JvmPlugin))), Clause(Atom(sbt.plugins.CorePlugin),Set(Atom(sbt.plugins.IvyPlugin))), Clause(Atom(sbt.plugins.IvyPlugin),Set(Atom(sbt.plugins.JvmPlugin))), Clause(Atom(sbt.plugins.JvmPlugin),Set(Atom(sbt.plugins.SemanticdbPlugin))), Clause(Atom(sbt.plugins.JvmPlugin),Set(Atom(sbt.plugins.JUnitXmlReportPlugin))), Clause(Atom(sbt.plugins.CorePlugin),Set(Atom(sbt.plugins.Giter8TemplatePlugin))), Clause(Atom(sbt.plugins.JvmPlugin),Set(Atom(sbt.plugins.MiniDependencyTreePlugin)))))
[debug]   :: deduced result: Matched(sbt.plugins.CorePlugin,sbt.plugins.Giter8TemplatePlugin,sbt.plugins.IvyPlugin,sbt.plugins.JvmPlugin,sbt.plugins.MiniDependencyTreePlugin,sbt.plugins.JUnitXmlReportPlugin,sbt.plugins.SemanticdbPlugin)
[debug] Plugins.deducer#function took 235.6758 ms
[debug]         Load.resolveProject(project) took 406.6757ms
[debug]       Load.loadTransitive: finalizeProject(Project(id project, base: C:\Education\211\CSE215L\Project\Movie Management Final\src\project, plugins: List(<none>))) took 793.9052ms
[debug] [Loading] Done in C:\Education\211\CSE215L\Project\Movie Management Final\src\project, returning: (project)
[debug]     Load.loadUnit: loadedProjectsRaw took 1003.064ms
[debug]     Load.loadUnit: cleanEvalClasses took 4.3481ms
[debug]   Load.loadUnit(file:/C:/Education/211/CSE215L/Project/Movie%20Management%20Final/src/project/, ...) took 1425.2424ms
[debug] Load.apply: load took 1972.405ms
[debug] Load.apply: resolveProjects took 21.7501ms
[debug] Load.apply: finalTransforms took 78.765ms
[debug] Load.apply: config.delegates took 14.0028ms
[debug] Load.apply: Def.make(settings)... took 3659.0353ms
[debug] Load.apply: structureIndex took 148.2404ms
[debug] Load.apply: mkStreams took 30.8487ms
[info] set current project to project (in build file:/C:/Education/211/CSE215L/Project/Movie%20Management%20Final/src/project/)
[debug] > Exec(sbtPopOnFailure, None, None)
[debug] > Exec(resumeFromFailure, None, None)
[debug] > Exec(notifyUsersAboutShell, None, None)
[debug] > Exec(iflast shell, None, None)
[debug] > Exec(shell, None, None)
[info] sbt server started at local:sbt-server-4070db2bd2ca3cc8aaf9
[info] started sbt server
[debug] Forcing garbage collection...
